<?xml version="1.0" encoding="UTF-8"?>
<!-- Generated by org.testng.reporters.JUnitReportReporter -->
<testsuite hostname="DESKTOP-HOCPTKL" failures="0" tests="1" name="baselibrary.BaseLibrary" time="4.523" errors="0" timestamp="2024-11-18T17:02:43 IST" skipped="0">
  <testcase classname="baselibrary.BaseLibrary" name="launchurl" time="4.523"/>
</testsuite> <!-- baselibrary.BaseLibrary -->
